DEB [20170915-21:49:32.546] thr=1   paramiko.transport: starting thread (client mode): 0x31601d0L
DEB [20170915-21:49:32.553] thr=2   paramiko.transport: starting thread (client mode): 0x31605c0L
INF [20170915-21:49:32.562] thr=1   paramiko.transport: Connected (version 2.0, client OpenSSH_7.4)
DEB [20170915-21:49:32.569] thr=1   paramiko.transport: kex algos:[u'curve25519-sha256', u'curve25519-sha256@libssh.org', u'ecdh-sha2-nistp256', u'ecdh-sha2-nistp384', u'ecdh-sha2-nistp521', u'diffie-hellman-group-exchange-sha256', u'diffie-hellman-group16-sha512', u'diffie-hellman-group18-sha512', u'diffie-hellman-group-exchange-sha1', u'diffie-hellman-group14-sha256', u'diffie-hellman-group14-sha1', u'diffie-hellman-group1-sha1'] server key:[u'ssh-rsa', u'rsa-sha2-512', u'rsa-sha2-256', u'ecdsa-sha2-nistp256', u'ssh-ed25519'] client encrypt:[u'chacha20-poly1305@openssh.com', u'aes128-ctr', u'aes192-ctr', u'aes256-ctr', u'aes128-gcm@openssh.com', u'aes256-gcm@openssh.com', u'aes128-cbc', u'aes192-cbc', u'aes256-cbc', u'blowfish-cbc', u'cast128-cbc', u'3des-cbc'] server encrypt:[u'chacha20-poly1305@openssh.com', u'aes128-ctr', u'aes192-ctr', u'aes256-ctr', u'aes128-gcm@openssh.com', u'aes256-gcm@openssh.com', u'aes128-cbc', u'aes192-cbc', u'aes256-cbc', u'blowfish-cbc', u'cast128-cbc', u'3des-cbc'] client mac:[u'umac-64-etm@openssh.com', u'umac-128-etm@openssh.com', u'hmac-sha2-256-etm@openssh.com', u'hmac-sha2-512-etm@openssh.com', u'hmac-sha1-etm@openssh.com', u'umac-64@openssh.com', u'umac-128@openssh.com', u'hmac-sha2-256', u'hmac-sha2-512', u'hmac-sha1'] server mac:[u'umac-64-etm@openssh.com', u'umac-128-etm@openssh.com', u'hmac-sha2-256-etm@openssh.com', u'hmac-sha2-512-etm@openssh.com', u'hmac-sha1-etm@openssh.com', u'umac-64@openssh.com', u'umac-128@openssh.com', u'hmac-sha2-256', u'hmac-sha2-512', u'hmac-sha1'] client compress:[u'none', u'zlib@openssh.com'] server compress:[u'none', u'zlib@openssh.com'] client lang:[u''] server lang:[u''] kex follows?False
DEB [20170915-21:49:32.572] thr=1   paramiko.transport: Ciphers agreed: local=aes128-ctr, remote=aes128-ctr
DEB [20170915-21:49:32.572] thr=1   paramiko.transport: using kex diffie-hellman-group1-sha1; server key type ssh-rsa; cipher: local aes128-ctr, remote aes128-ctr; mac: local hmac-sha1, remote hmac-sha1; compression: local none, remote none
INF [20170915-21:49:32.579] thr=2   paramiko.transport: Connected (version 2.0, client OpenSSH_7.4)
DEB [20170915-21:49:32.585] thr=2   paramiko.transport: kex algos:[u'curve25519-sha256', u'curve25519-sha256@libssh.org', u'ecdh-sha2-nistp256', u'ecdh-sha2-nistp384', u'ecdh-sha2-nistp521', u'diffie-hellman-group-exchange-sha256', u'diffie-hellman-group16-sha512', u'diffie-hellman-group18-sha512', u'diffie-hellman-group-exchange-sha1', u'diffie-hellman-group14-sha256', u'diffie-hellman-group14-sha1', u'diffie-hellman-group1-sha1'] server key:[u'ssh-rsa', u'rsa-sha2-512', u'rsa-sha2-256', u'ecdsa-sha2-nistp256', u'ssh-ed25519'] client encrypt:[u'chacha20-poly1305@openssh.com', u'aes128-ctr', u'aes192-ctr', u'aes256-ctr', u'aes128-gcm@openssh.com', u'aes256-gcm@openssh.com', u'aes128-cbc', u'aes192-cbc', u'aes256-cbc', u'blowfish-cbc', u'cast128-cbc', u'3des-cbc'] server encrypt:[u'chacha20-poly1305@openssh.com', u'aes128-ctr', u'aes192-ctr', u'aes256-ctr', u'aes128-gcm@openssh.com', u'aes256-gcm@openssh.com', u'aes128-cbc', u'aes192-cbc', u'aes256-cbc', u'blowfish-cbc', u'cast128-cbc', u'3des-cbc'] client mac:[u'umac-64-etm@openssh.com', u'umac-128-etm@openssh.com', u'hmac-sha2-256-etm@openssh.com', u'hmac-sha2-512-etm@openssh.com', u'hmac-sha1-etm@openssh.com', u'umac-64@openssh.com', u'umac-128@openssh.com', u'hmac-sha2-256', u'hmac-sha2-512', u'hmac-sha1'] server mac:[u'umac-64-etm@openssh.com', u'umac-128-etm@openssh.com', u'hmac-sha2-256-etm@openssh.com', u'hmac-sha2-512-etm@openssh.com', u'hmac-sha1-etm@openssh.com', u'umac-64@openssh.com', u'umac-128@openssh.com', u'hmac-sha2-256', u'hmac-sha2-512', u'hmac-sha1'] client compress:[u'none', u'zlib@openssh.com'] server compress:[u'none', u'zlib@openssh.com'] client lang:[u''] server lang:[u''] kex follows?False
DEB [20170915-21:49:32.594] thr=2   paramiko.transport: Ciphers agreed: local=aes128-ctr, remote=aes128-ctr
DEB [20170915-21:49:32.595] thr=1   paramiko.transport: Switch to new keys ...
DEB [20170915-21:49:32.595] thr=2   paramiko.transport: using kex diffie-hellman-group1-sha1; server key type ssh-rsa; cipher: local aes128-ctr, remote aes128-ctr; mac: local hmac-sha1, remote hmac-sha1; compression: local none, remote none
DEB [20170915-21:49:32.625] thr=2   paramiko.transport: Switch to new keys ...
DEB [20170915-21:49:32.638] thr=1   paramiko.transport: userauth is OK
DEB [20170915-21:49:32.667] thr=2   paramiko.transport: userauth is OK
INF [20170915-21:49:32.681] thr=1   paramiko.transport: Authentication (password) successful!
DEB [20170915-21:49:32.700] thr=3   paramiko.transport: [chan 1] Max packet in: 34816 bytes
INF [20170915-21:49:32.713] thr=2   paramiko.transport: Authentication (password) successful!
DEB [20170915-21:49:32.729] thr=4   paramiko.transport: [chan 1] Max packet in: 34816 bytes
DEB [20170915-21:49:32.908] thr=1   paramiko.transport: Received global request "hostkeys-00@openssh.com"
DEB [20170915-21:49:32.911] thr=1   paramiko.transport: Rejecting "hostkeys-00@openssh.com" global request from server.
DEB [20170915-21:49:32.986] thr=2   paramiko.transport: Received global request "hostkeys-00@openssh.com"
DEB [20170915-21:49:32.989] thr=2   paramiko.transport: Rejecting "hostkeys-00@openssh.com" global request from server.
DEB [20170915-21:49:33.108] thr=1   paramiko.transport: [chan 1] Max packet out: 32768 bytes
INF [20170915-21:49:33.111] thr=1   paramiko.transport: Secsh channel 1 opened.
DEB [20170915-21:49:33.128] thr=1   paramiko.transport: [chan 1] Sesch channel 1 request ok
DEB [20170915-21:49:33.132] thr=1   paramiko.transport: [chan 1] Sesch channel 1 request ok
DEB [20170915-21:49:33.187] thr=2   paramiko.transport: [chan 1] Max packet out: 32768 bytes
INF [20170915-21:49:33.188] thr=2   paramiko.transport: Secsh channel 1 opened.
DEB [20170915-21:49:33.204] thr=2   paramiko.transport: [chan 1] Sesch channel 1 request ok
DEB [20170915-21:49:33.210] thr=2   paramiko.transport: [chan 1] Sesch channel 1 request ok
